#
# There is insufficient memory for the Java Runtime Environment to continue.
# Native memory allocation (mmap) failed to map 315392 bytes for card table expansion
# Possible reasons:
#   The system is out of physical RAM or swap space
#   In 32 bit mode, the process size limit was hit
# Possible solutions:
#   Reduce memory load on the system
#   Increase physical memory or swap space
#   Check if swap backing store is full
#   Use 64 bit Java on a 64 bit OS
#   Decrease Java heap size (-Xmx/-Xms)
#   Decrease number of Java threads
#   Decrease Java thread stack sizes (-Xss)
#   Set larger code cache with -XX:ReservedCodeCacheSize=
# This output file may be truncated or incomplete.
#
#  Out of Memory Error (os_windows.cpp:3332), pid=25736, tid=0x0000000000006298
#
# JRE version: Java(TM) SE Runtime Environment (8.0_121-b13) (build 1.8.0_121-b13)
# Java VM: Java HotSpot(TM) 64-Bit Server VM (25.121-b13 mixed mode windows-amd64 compressed oops)
# Failed to write core dump. Minidumps are not enabled by default on client versions of Windows
#

---------------  T H R E A D  ---------------

Current thread (0x00000000175e7800):  VMThread [stack: 0x0000000018ca0000,0x0000000018da0000] [id=25240]

Stack: [0x0000000018ca0000,0x0000000018da0000]
[error occurred during error reporting (printing stack bounds), id 0xc0000005]

Native frames: (J=compiled Java code, j=interpreted, Vv=VM code, C=native code)

VM_Operation (0x000000001b1abb50): ParallelGCFailedAllocation, mode: safepoint, requested by thread 0x0000000019ff5800


---------------  P R O C E S S  ---------------

Java Threads: ( => current thread )
  0x000000001a287800 JavaThread "Prism Font Disposer" daemon [_thread_blocked, id=25812, stack(0x000000001fe70000,0x000000001ff70000)]
  0x000000001a0af000 JavaThread "Thread-3" daemon [_thread_blocked, id=18368, stack(0x000000001dfb0000,0x000000001e0b0000)]
  0x000000001a0ae800 JavaThread "JavaFX-Launcher" [_thread_blocked, id=9236, stack(0x000000001e1b0000,0x000000001e2b0000)]
  0x0000000019ff5800 JavaThread "JavaFX Application Thread" [_thread_blocked, id=24940, stack(0x000000001b0b0000,0x000000001b1b0000)]
  0x0000000019fe6000 JavaThread "Thread-1" daemon [_thread_blocked, id=27488, stack(0x000000001afb0000,0x000000001b0b0000)]
  0x0000000019fae000 JavaThread "QuantumRenderer-0" daemon [_thread_blocked, id=26664, stack(0x000000001a7a0000,0x000000001a8a0000)]
  0x0000000019601800 JavaThread "Service Thread" daemon [_thread_blocked, id=17656, stack(0x00000000199a0000,0x0000000019aa0000)]
  0x0000000017628800 JavaThread "C1 CompilerThread2" daemon [_thread_blocked, id=25648, stack(0x00000000194a0000,0x00000000195a0000)]
  0x0000000017625800 JavaThread "C2 CompilerThread1" daemon [_thread_blocked, id=25952, stack(0x00000000193a0000,0x00000000194a0000)]
  0x0000000017622800 JavaThread "C2 CompilerThread0" daemon [_thread_blocked, id=5964, stack(0x00000000192a0000,0x00000000193a0000)]
  0x000000001761d000 JavaThread "Attach Listener" daemon [_thread_blocked, id=23812, stack(0x00000000191a0000,0x00000000192a0000)]
  0x000000001761c000 JavaThread "Signal Dispatcher" daemon [_thread_blocked, id=26044, stack(0x00000000190a0000,0x00000000191a0000)]
  0x000000000272b000 JavaThread "Finalizer" daemon [_thread_blocked, id=25212, stack(0x0000000018ea0000,0x0000000018fa0000)]
  0x00000000175eb800 JavaThread "Reference Handler" daemon [_thread_blocked, id=25204, stack(0x0000000018da0000,0x0000000018ea0000)]
  0x0000000002630800 JavaThread "main" [_thread_blocked, id=27008, stack(0x0000000000dc0000,0x0000000000ec0000)]

Other Threads:
=>0x00000000175e7800 VMThread [stack: 0x0000000018ca0000,0x0000000018da0000] [id=25240]
  0x000000001962a000 WatcherThread [stack: 0x0000000019ea0000,0x0000000019fa0000] [id=708]

VM state:at safepoint (normal execution)

VM Mutex/Monitor currently owned by a thread:  ([mutex/lock_event])
[0x00000000008ec2b0] Threads_lock - owner thread: 0x00000000175e7800
[0x00000000008ec030] Heap_lock - owner thread: 0x0000000019ff5800

Heap:
 PSYoungGen      total 272384K, used 79K [0x00000000d5580000, 0x00000000f0200000, 0x0000000100000000)
  eden space 265216K, 0% used [0x00000000d5580000,0x00000000d5580000,0x00000000e5880000)
  from space 7168K, 1% used [0x00000000e5880000,0x00000000e5893f40,0x00000000e5f80000)
  to   space 6144K, 0% used [0x00000000e5f80000,0x00000000e5f80000,0x00000000e6580000)
 ParOldGen       total 87552K, used 9075K [0x0000000080000000, 0x0000000085580000, 0x00000000d5580000)
  object space 87552K, 10% used [0x0000000080000000,0x00000000808dcc00,0x0000000085580000)
 Metaspace       used 14369K, capacity 14992K, committed 15232K, reserved 1062912K
  class space    used 1919K, capacity 2062K, committed 2176K, reserved 1048576K

Card table byte_map: [0x0000000011b80000,0x0000000011f90000] byte_map_base: 0x0000000011780000

Marking Bits: (ParMarkBitMap*) 0x00000000691bb6d0
 Begin Bits: [0x0000000012840000, 0x0000000014840000)
 End Bits:   [0x0000000014840000, 0x0000000016840000)

Polling page: 0x00000000009b0000

CodeCache: size=245760Kb used=4149Kb max_used=4164Kb free=241610Kb
 bounds [0x00000000027c0000, 0x0000000002be0000, 0x00000000117c0000]
 total_blobs=1806 nmethods=1184 adapters=535
 compilation: enabled

Compilation events (10 events):
Event: 1.862 Thread 0x0000000017622800 1180       4       java.io.BufferedReader::fill (170 bytes)
Event: 1.865 Thread 0x0000000017625800 1181       4       sun.nio.cs.UTF_8$Decoder::decodeArrayLoop (691 bytes)
Event: 1.870 Thread 0x0000000017625800 nmethod 1181 0x0000000002bbf2d0 code [0x0000000002bbf420, 0x0000000002bbf6b8]
Event: 1.870 Thread 0x0000000017625800 1182   !   4       java.io.BufferedReader::read (104 bytes)
Event: 1.916 Thread 0x0000000017622800 nmethod 1180 0x0000000002bc9850 code [0x0000000002bc9ae0, 0x0000000002bcb6f0]
Event: 1.916 Thread 0x0000000017622800 1184       4       java.io.InputStreamReader::read (11 bytes)
Event: 1.917 Thread 0x0000000017625800 nmethod 1182 0x0000000002bcf690 code [0x0000000002bcf940, 0x0000000002bd1b30]
Event: 1.918 Thread 0x0000000017625800 1183       4       java.io.FileInputStream::read (8 bytes)
Event: 1.918 Thread 0x0000000017625800 nmethod 1183 0x0000000002bbd1d0 code [0x0000000002bbd320, 0x0000000002bbd3a8]
Event: 1.937 Thread 0x0000000017622800 nmethod 1184 0x0000000002bc2a50 code [0x0000000002bc2c40, 0x0000000002bc3bb0]

GC Heap History (10 events):
Event: 2.273 GC heap after
Heap after GC invocations=10 (full 0):
 PSYoungGen      total 271360K, used 63K [0x00000000d5580000, 0x00000000e6780000, 0x0000000100000000)
  eden space 265216K, 0% used [0x00000000d5580000,0x00000000d5580000,0x00000000e5880000)
  from space 6144K, 1% used [0x00000000e5f80000,0x00000000e5f8fe68,0x00000000e6580000)
  to   space 7168K, 0% used [0x00000000e5880000,0x00000000e5880000,0x00000000e5f80000)
 ParOldGen       total 87552K, used 9075K [0x0000000080000000, 0x0000000085580000, 0x00000000d5580000)
  object space 87552K, 10% used [0x0000000080000000,0x00000000808dcc00,0x0000000085580000)
 Metaspace       used 14369K, capacity 14992K, committed 15232K, reserved 1062912K
  class space    used 1919K, capacity 2062K, committed 2176K, reserved 1048576K
}
Event: 2.348 GC heap before
{Heap before GC invocations=11 (full 0):
 PSYoungGen      total 271360K, used 265279K [0x00000000d5580000, 0x00000000e6780000, 0x0000000100000000)
  eden space 265216K, 100% used [0x00000000d5580000,0x00000000e5880000,0x00000000e5880000)
  from space 6144K, 1% used [0x00000000e5f80000,0x00000000e5f8fe68,0x00000000e6580000)
  to   space 7168K, 0% used [0x00000000e5880000,0x00000000e5880000,0x00000000e5f80000)
 ParOldGen       total 87552K, used 9075K [0x0000000080000000, 0x0000000085580000, 0x00000000d5580000)
  object space 87552K, 10% used [0x0000000080000000,0x00000000808dcc00,0x0000000085580000)
 Metaspace       used 14369K, capacity 14992K, committed 15232K, reserved 1062912K
  class space    used 1919K, capacity 2062K, committed 2176K, reserved 1048576K
Event: 2.348 GC heap after
Heap after GC invocations=11 (full 0):
 PSYoungGen      total 272384K, used 102K [0x00000000d5580000, 0x00000000e6780000, 0x0000000100000000)
  eden space 265216K, 0% used [0x00000000d5580000,0x00000000d5580000,0x00000000e5880000)
  from space 7168K, 1% used [0x00000000e5880000,0x00000000e5899b90,0x00000000e5f80000)
  to   space 6144K, 0% used [0x00000000e5f80000,0x00000000e5f80000,0x00000000e6580000)
 ParOldGen       total 87552K, used 9075K [0x0000000080000000, 0x0000000085580000, 0x00000000d5580000)
  object space 87552K, 10% used [0x0000000080000000,0x00000000808dcc00,0x0000000085580000)
 Metaspace       used 14369K, capacity 14992K, committed 15232K, reserved 1062912K
  class space    used 1919K, capacity 2062K, committed 2176K, reserved 1048576K
}
Event: 2.425 GC heap before
{Heap before GC invocations=12 (full 0):
 PSYoungGen      total 272384K, used 265318K [0x00000000d5580000, 0x00000000e6780000, 0x0000000100000000)
  eden space 265216K, 100% used [0x00000000d5580000,0x00000000e5880000,0x00000000e5880000)
  from space 7168K, 1% used [0x00000000e5880000,0x00000000e5899b90,0x00000000e5f80000)
  to   space 6144K, 0% used [0x00000000e5f80000,0x00000000e5f80000,0x00000000e6580000)
 ParOldGen       total 87552K, used 9075K [0x0000000080000000, 0x0000000085580000, 0x00000000d5580000)
  object space 87552K, 10% used [0x0000000080000000,0x00000000808dcc00,0x0000000085580000)
 Metaspace       used 14369K, capacity 14992K, committed 15232K, reserved 1062912K
  class space    used 1919K, capacity 2062K, committed 2176K, reserved 1048576K
Event: 2.426 GC heap after
Heap after GC invocations=12 (full 0):
 PSYoungGen      total 271360K, used 109K [0x00000000d5580000, 0x00000000e6780000, 0x0000000100000000)
  eden space 265216K, 0% used [0x00000000d5580000,0x00000000d5580000,0x00000000e5880000)
  from space 6144K, 1% used [0x00000000e5f80000,0x00000000e5f9b740,0x00000000e6580000)
  to   space 7168K, 0% used [0x00000000e5880000,0x00000000e5880000,0x00000000e5f80000)
 ParOldGen       total 87552K, used 9075K [0x0000000080000000, 0x0000000085580000, 0x00000000d5580000)
  object space 87552K, 10% used [0x0000000080000000,0x00000000808dcc00,0x0000000085580000)
 Metaspace       used 14369K, capacity 14992K, committed 15232K, reserved 1062912K
  class space    used 1919K, capacity 2062K, committed 2176K, reserved 1048576K
}
Event: 2.521 GC heap before
{Heap before GC invocations=13 (full 0):
 PSYoungGen      total 271360K, used 265325K [0x00000000d5580000, 0x00000000e6780000, 0x0000000100000000)
  eden space 265216K, 100% used [0x00000000d5580000,0x00000000e5880000,0x00000000e5880000)
  from space 6144K, 1% used [0x00000000e5f80000,0x00000000e5f9b740,0x00000000e6580000)
  to   space 7168K, 0% used [0x00000000e5880000,0x00000000e5880000,0x00000000e5f80000)
 ParOldGen       total 87552K, used 9075K [0x0000000080000000, 0x0000000085580000, 0x00000000d5580000)
  object space 87552K, 10% used [0x0000000080000000,0x00000000808dcc00,0x0000000085580000)
 Metaspace       used 14369K, capacity 14992K, committed 15232K, reserved 1062912K
  class space    used 1919K, capacity 2062K, committed 2176K, reserved 1048576K
Event: 2.522 GC heap after
Heap after GC invocations=13 (full 0):
 PSYoungGen      total 272384K, used 158K [0x00000000d5580000, 0x00000000e6780000, 0x0000000100000000)
  eden space 265216K, 0% used [0x00000000d5580000,0x00000000d5580000,0x00000000e5880000)
  from space 7168K, 2% used [0x00000000e5880000,0x00000000e58a78f8,0x00000000e5f80000)
  to   space 6144K, 0% used [0x00000000e5f80000,0x00000000e5f80000,0x00000000e6580000)
 ParOldGen       total 87552K, used 9075K [0x0000000080000000, 0x0000000085580000, 0x00000000d5580000)
  object space 87552K, 10% used [0x0000000080000000,0x00000000808dcc00,0x0000000085580000)
 Metaspace       used 14369K, capacity 14992K, committed 15232K, reserved 1062912K
  class space    used 1919K, capacity 2062K, committed 2176K, reserved 1048576K
}
Event: 2.590 GC heap before
{Heap before GC invocations=14 (full 0):
 PSYoungGen      total 272384K, used 265374K [0x00000000d5580000, 0x00000000e6780000, 0x0000000100000000)
  eden space 265216K, 100% used [0x00000000d5580000,0x00000000e5880000,0x00000000e5880000)
  from space 7168K, 2% used [0x00000000e5880000,0x00000000e58a78f8,0x00000000e5f80000)
  to   space 6144K, 0% used [0x00000000e5f80000,0x00000000e5f80000,0x00000000e6580000)
 ParOldGen       total 87552K, used 9075K [0x0000000080000000, 0x0000000085580000, 0x00000000d5580000)
  object space 87552K, 10% used [0x0000000080000000,0x00000000808dcc00,0x0000000085580000)
 Metaspace       used 14369K, capacity 14992K, committed 15232K, reserved 1062912K
  class space    used 1919K, capacity 2062K, committed 2176K, reserved 1048576K
Event: 2.590 GC heap after
Heap after GC invocations=14 (full 0):
 PSYoungGen      total 271360K, used 122K [0x00000000d5580000, 0x00000000e6780000, 0x0000000100000000)
  eden space 265216K, 0% used [0x00000000d5580000,0x00000000d5580000,0x00000000e5880000)
  from space 6144K, 1% used [0x00000000e5f80000,0x00000000e5f9e850,0x00000000e6580000)
  to   space 7168K, 0% used [0x00000000e5880000,0x00000000e5880000,0x00000000e5f80000)
 ParOldGen       total 87552K, used 9075K [0x0000000080000000, 0x0000000085580000, 0x00000000d5580000)
  object space 87552K, 10% used [0x0000000080000000,0x00000000808dcc00,0x0000000085580000)
 Metaspace       used 14369K, capacity 14992K, committed 15232K, reserved 1062912K
  class space    used 1919K, capacity 2062K, committed 2176K, reserved 1048576K
}
Event: 2.659 GC heap before
{Heap before GC invocations=15 (full 0):
 PSYoungGen      total 271360K, used 265338K [0x00000000d5580000, 0x00000000e6780000, 0x0000000100000000)
  eden space 265216K, 100% used [0x00000000d5580000,0x00000000e5880000,0x00000000e5880000)
  from space 6144K, 1% used [0x00000000e5f80000,0x00000000e5f9e850,0x00000000e6580000)
  to   space 7168K, 0% used [0x00000000e5880000,0x00000000e5880000,0x00000000e5f80000)
 ParOldGen       total 87552K, used 9075K [0x0000000080000000, 0x0000000085580000, 0x00000000d5580000)
  object space 87552K, 10% used [0x0000000080000000,0x00000000808dcc00,0x0000000085580000)
 Metaspace       used 14369K, capacity 14992K, committed 15232K, reserved 1062912K
  class space    used 1919K, capacity 2062K, committed 2176K, reserved 1048576K

Deoptimization events (10 events):
Event: 0.886 Thread 0x0000000019ff5800 Uncommon trap: reason=class_check action=maybe_recompile pc=0x0000000002a45c60 method=java.io.DataInputStream.readShort()S @ 4
Event: 0.886 Thread 0x0000000019ff5800 Uncommon trap: reason=class_check action=maybe_recompile pc=0x0000000002a45c60 method=java.io.DataInputStream.readShort()S @ 4
Event: 0.887 Thread 0x0000000019ff5800 Uncommon trap: reason=class_check action=maybe_recompile pc=0x0000000002a45c60 method=java.io.DataInputStream.readShort()S @ 4
Event: 0.887 Thread 0x0000000019ff5800 Uncommon trap: reason=class_check action=maybe_recompile pc=0x0000000002a45c60 method=java.io.DataInputStream.readShort()S @ 4
Event: 0.897 Thread 0x0000000019ff5800 Uncommon trap: reason=class_check action=maybe_recompile pc=0x00000000028e0270 method=java.lang.String.equals(Ljava/lang/Object;)Z @ 8
Event: 0.897 Thread 0x0000000019ff5800 Uncommon trap: reason=class_check action=maybe_recompile pc=0x00000000028e0270 method=java.lang.String.equals(Ljava/lang/Object;)Z @ 8
Event: 0.897 Thread 0x0000000019ff5800 Uncommon trap: reason=class_check action=maybe_recompile pc=0x00000000028e0270 method=java.lang.String.equals(Ljava/lang/Object;)Z @ 8
Event: 0.899 Thread 0x0000000019ff5800 Uncommon trap: reason=class_check action=maybe_recompile pc=0x00000000028e0270 method=java.lang.String.equals(Ljava/lang/Object;)Z @ 8
Event: 0.924 Thread 0x0000000019ff5800 Uncommon trap: reason=unstable_if action=reinterpret pc=0x0000000002ae9dac method=java.lang.String.regionMatches(ZILjava/lang/String;II)Z @ 123
Event: 1.749 Thread 0x0000000019ff5800 Uncommon trap: reason=unstable_if action=reinterpret pc=0x0000000002ad5a38 method=jdk.internal.org.objectweb.asm.Type.getArgumentsAndReturnSizes(Ljava/lang/String;)I @ 47

Internal exceptions (10 events):
Event: 0.224 Thread 0x0000000002630800 Exception <a 'java/security/PrivilegedActionException'> (0x00000000d582dd08) thrown at [C:\re\workspace\8-2-build-windows-amd64-cygwin\jdk8u121\8372\hotspot\src\share\vm\prims\jvm.cpp, line 1390]
Event: 0.224 Thread 0x0000000002630800 Exception <a 'java/security/PrivilegedActionException'> (0x00000000d582df18) thrown at [C:\re\workspace\8-2-build-windows-amd64-cygwin\jdk8u121\8372\hotspot\src\share\vm\prims\jvm.cpp, line 1390]
Event: 0.225 Thread 0x0000000002630800 Exception <a 'java/security/PrivilegedActionException'> (0x00000000d5831e28) thrown at [C:\re\workspace\8-2-build-windows-amd64-cygwin\jdk8u121\8372\hotspot\src\share\vm\prims\jvm.cpp, line 1390]
Event: 0.225 Thread 0x0000000002630800 Exception <a 'java/security/PrivilegedActionException'> (0x00000000d5832038) thrown at [C:\re\workspace\8-2-build-windows-amd64-cygwin\jdk8u121\8372\hotspot\src\share\vm\prims\jvm.cpp, line 1390]
Event: 0.225 Thread 0x0000000002630800 Exception <a 'java/lang/NullPointerException'> (0x00000000d5832610) thrown at [C:\re\workspace\8-2-build-windows-amd64-cygwin\jdk8u121\8372\hotspot\src\share\vm\interpreter\linkResolver.cpp, line 1178]
Event: 0.543 Thread 0x0000000019ff5800 Exception <a 'java/lang/NullPointerException'> (0x00000000d6283d70) thrown at [C:\re\workspace\8-2-build-windows-amd64-cygwin\jdk8u121\8372\hotspot\src\share\vm\interpreter\linkResolver.cpp, line 1178]
Event: 0.543 Thread 0x0000000019ff5800 Exception <a 'java/lang/NullPointerException'> (0x00000000d6283d70) thrown at [C:\re\workspace\8-2-build-windows-amd64-cygwin\jdk8u121\8372\hotspot\src\share\vm\prims\jvm.cpp, line 1394]
Event: 0.667 Thread 0x0000000019ff5800 Exception <a 'java/lang/ArrayIndexOutOfBoundsException'> (0x00000000d67048b8) thrown at [C:\re\workspace\8-2-build-windows-amd64-cygwin\jdk8u121\8372\hotspot\src\share\vm\runtime\sharedRuntime.cpp, line 605]
Event: 0.668 Thread 0x0000000019ff5800 Exception <a 'java/lang/ArrayIndexOutOfBoundsException'> (0x00000000d67055b8) thrown at [C:\re\workspace\8-2-build-windows-amd64-cygwin\jdk8u121\8372\hotspot\src\share\vm\runtime\sharedRuntime.cpp, line 605]
Event: 0.668 Thread 0x0000000019ff5800 Exception <a 'java/lang/ArrayIndexOutOfBoundsException'> (0x00000000d6706960) thrown at [C:\re\workspace\8-2-build-windows-amd64-cygwin\jdk8u121\8372\hotspot\src\share\vm\runtime\sharedRuntime.cpp, line 605]

Events (10 events):
Event: 2.273 Executing VM operation: ParallelGCFailedAllocation done
Event: 2.348 Executing VM operation: ParallelGCFailedAllocation
Event: 2.348 Executing VM operation: ParallelGCFailedAllocation done
Event: 2.425 Executing VM operation: ParallelGCFailedAllocation
Event: 2.426 Executing VM operation: ParallelGCFailedAllocation done
Event: 2.521 Executing VM operation: ParallelGCFailedAllocation
Event: 2.522 Executing VM operation: ParallelGCFailedAllocation done
Event: 2.589 Executing VM operation: ParallelGCFailedAllocation
Event: 2.590 Executing VM operation: ParallelGCFailedAllocation done
Event: 2.659 Executing VM operation: ParallelGCFailedAllocation


Dynamic libraries:
0x00007ff665940000 - 0x00007ff665977000 	C:\Program Files\Java\jdk1.8.0_121\bin\java.exe
0x00007ffda1fe0000 - 0x00007ffda21b1000 	C:\Windows\SYSTEM32\ntdll.dll
0x00007ffda1300000 - 0x00007ffda13ab000 	C:\Windows\System32\KERNEL32.DLL
0x00007ffd9e6a0000 - 0x00007ffd9e8bd000 	C:\Windows\System32\KERNELBASE.dll
0x00007ffd9fba0000 - 0x00007ffd9fc42000 	C:\Windows\System32\ADVAPI32.dll
0x00007ffda1590000 - 0x00007ffda162e000 	C:\Windows\System32\msvcrt.dll
0x00007ffda1dc0000 - 0x00007ffda1e19000 	C:\Windows\System32\sechost.dll
0x00007ffd9fa70000 - 0x00007ffd9fb91000 	C:\Windows\System32\RPCRT4.dll
0x00007ffda1420000 - 0x00007ffda1585000 	C:\Windows\System32\USER32.dll
0x00007ffd9f550000 - 0x00007ffd9f56e000 	C:\Windows\System32\win32u.dll
0x00007ffda1930000 - 0x00007ffda1964000 	C:\Windows\System32\GDI32.dll
0x00007ffd9ea70000 - 0x00007ffd9ebf2000 	C:\Windows\System32\gdi32full.dll
0x00007ffd92eb0000 - 0x00007ffd9312a000 	C:\Windows\WinSxS\amd64_microsoft.windows.common-controls_6595b64144ccf1df_6.0.14393.953_none_42151e83c686086b\COMCTL32.dll
0x00007ffda1af0000 - 0x00007ffda1db8000 	C:\Windows\System32\combase.dll
0x00007ffd9e920000 - 0x00007ffd9ea15000 	C:\Windows\System32\ucrtbase.dll
0x00007ffd9ed50000 - 0x00007ffd9edba000 	C:\Windows\System32\bcryptPrimitives.dll
0x00007ffda18a0000 - 0x00007ffda18ce000 	C:\Windows\System32\IMM32.DLL
0x00000000688c0000 - 0x0000000068992000 	C:\Program Files\Java\jdk1.8.0_121\jre\bin\msvcr100.dll
0x00000000689a0000 - 0x000000006923b000 	C:\Program Files\Java\jdk1.8.0_121\jre\bin\server\jvm.dll
0x00007ffda16f0000 - 0x00007ffda16f8000 	C:\Windows\System32\PSAPI.DLL
0x00007ffd9a900000 - 0x00007ffd9a909000 	C:\Windows\SYSTEM32\WSOCK32.dll
0x00007ffd9c4f0000 - 0x00007ffd9c513000 	C:\Windows\SYSTEM32\WINMM.dll
0x00007ffd98a10000 - 0x00007ffd98a1a000 	C:\Windows\SYSTEM32\VERSION.dll
0x00007ffda13b0000 - 0x00007ffda141a000 	C:\Windows\System32\WS2_32.dll
0x00007ffd9c470000 - 0x00007ffd9c49b000 	C:\Windows\SYSTEM32\WINMMBASE.dll
0x00007ffd9ea20000 - 0x00007ffd9ea62000 	C:\Windows\System32\cfgmgr32.dll
0x000000006a380000 - 0x000000006a38f000 	C:\Program Files\Java\jdk1.8.0_121\jre\bin\verify.dll
0x000000006a350000 - 0x000000006a379000 	C:\Program Files\Java\jdk1.8.0_121\jre\bin\java.dll
0x000000006a330000 - 0x000000006a346000 	C:\Program Files\Java\jdk1.8.0_121\jre\bin\zip.dll
0x00007ffd9fdf0000 - 0x00007ffda12f9000 	C:\Windows\System32\SHELL32.dll
0x00007ffd9ee70000 - 0x00007ffd9f54a000 	C:\Windows\System32\windows.storage.dll
0x00007ffd9e480000 - 0x00007ffd9e4cc000 	C:\Windows\System32\powrprof.dll
0x00007ffd9f570000 - 0x00007ffd9f5c2000 	C:\Windows\System32\shlwapi.dll
0x00007ffd9e440000 - 0x00007ffd9e44f000 	C:\Windows\System32\kernel.appcore.dll
0x00007ffd9eca0000 - 0x00007ffd9ed49000 	C:\Windows\System32\shcore.dll
0x00007ffd9e450000 - 0x00007ffd9e464000 	C:\Windows\System32\profapi.dll
0x00007ffd7f580000 - 0x00007ffd7f66f000 	C:\Program Files\Java\jdk1.8.0_121\jre\bin\msvcr120.dll
0x00007ffd7b960000 - 0x00007ffd7ba06000 	C:\Program Files\Java\jdk1.8.0_121\jre\bin\msvcp120.dll
0x00000000665d0000 - 0x00000000665f2000 	C:\Program Files\Java\jdk1.8.0_121\jre\bin\prism_d3d.dll
0x00007ffd83a00000 - 0x00007ffd83b8d000 	C:\Windows\system32\d3d9.dll
0x00007ffd9bc10000 - 0x00007ffd9bc36000 	C:\Windows\SYSTEM32\dwmapi.dll
0x00007ffd9cbc0000 - 0x00007ffd9cc55000 	C:\Windows\system32\uxtheme.dll
0x00007ffd98a20000 - 0x00007ffd98ba1000 	C:\Windows\System32\DriverStore\FileRepository\c0310791.inf_amd64_1a41492ddaa53f63\aticfx64.dll
0x00007ffd87bb0000 - 0x00007ffd87bd9000 	C:\Windows\System32\DriverStore\FileRepository\c0310791.inf_amd64_1a41492ddaa53f63\atiu9p64.dll
0x00007ffd72d10000 - 0x00007ffd737c9000 	C:\Windows\System32\DriverStore\FileRepository\c0310791.inf_amd64_1a41492ddaa53f63\atiumd64.dll
0x00000000693a0000 - 0x0000000069f04000 	C:\Windows\System32\DriverStore\FileRepository\c0310791.inf_amd64_1a41492ddaa53f63\atiumd6a.dll
0x0000000066580000 - 0x00000000665c3000 	C:\Program Files\Java\jdk1.8.0_121\jre\bin\glass.dll
0x00007ffda1ed0000 - 0x00007ffda1fca000 	C:\Windows\System32\COMDLG32.dll
0x00007ffd9fc50000 - 0x00007ffd9fd87000 	C:\Windows\System32\ole32.dll
0x00007ffda1630000 - 0x00007ffda16ef000 	C:\Windows\System32\OLEAUT32.dll
0x00007ffd9ec00000 - 0x00007ffd9ec9c000 	C:\Windows\System32\msvcp_win.dll
0x00007ffda1970000 - 0x00007ffda1aca000 	C:\Windows\System32\MSCTF.dll
0x0000000066560000 - 0x0000000066574000 	C:\Program Files\Java\jdk1.8.0_121\jre\bin\javafx_font.dll
0x00007ffd984e0000 - 0x00007ffd98749000 	C:\Windows\SYSTEM32\dwrite.dll
0x00007ffda1e20000 - 0x00007ffda1ebf000 	C:\Windows\System32\clbcatq.dll
0x00007ffd98330000 - 0x00007ffd984d8000 	C:\Windows\SYSTEM32\WindowsCodecs.dll
0x00007ffd8ef50000 - 0x00007ffd8ef99000 	C:\Windows\system32\dataexchange.dll
0x00007ffd98750000 - 0x00007ffd98a06000 	C:\Windows\system32\d3d11.dll
0x00007ffd9b2c0000 - 0x00007ffd9b411000 	C:\Windows\system32\dcomp.dll
0x00007ffd9d3c0000 - 0x00007ffd9d45f000 	C:\Windows\system32\dxgi.dll
0x00007ffd9cdf0000 - 0x00007ffd9cf0c000 	C:\Windows\system32\twinapi.appcore.dll
0x00007ffd9e390000 - 0x00007ffd9e3bb000 	C:\Windows\system32\bcrypt.dll
0x00007ffd86cb0000 - 0x00007ffd86ce2000 	C:\Program Files\Common Files\Microsoft Shared\Ink\rtscom.dll
0x0000000066540000 - 0x0000000066551000 	C:\Program Files\Java\jdk1.8.0_121\jre\bin\prism_common.dll

VM Arguments:
jvm_args: -Dfile.encoding=UTF-8 
java_command: david.SisADA
java_class_path (initial): C:\Users\david\Desktop\TrabalhoSisADA\SisADA\build\classes
Launcher Type: SUN_STANDARD

Environment Variables:
JAVA_HOME=C:\Program Files\Java\jdk1.8.0_121
PATH=C:\ProgramData\Oracle\Java\javapath;C:\Program Files (x86)\NVIDIA Corporation\PhysX\Common;C:\Windows\system32;C:\Windows;C:\Windows\System32\Wbem;C:\Windows\System32\WindowsPowerShell\v1.0\;%JAVA_HOME%\bin;C:\Program Files\Git\cmd;C:\Program Files (x86)\Livestreamer;C:\Program Files (x86)\Streamlink\bin;C:\Users\david\AppData\Local\Microsoft\WindowsApps;C:\Program Files\Java\jdk1.8.0_121\bin
USERNAME=david
OS=Windows_NT
PROCESSOR_IDENTIFIER=AMD64 Family 21 Model 2 Stepping 0, AuthenticAMD



---------------  S Y S T E M  ---------------

OS: Windows 10.0 , 64 bit Build 14393 (10.0.14393.0)

CPU:total 6 (6 cores per cpu, 1 threads per core) family 21 model 2 stepping 0, cmov, cx8, fxsr, mmx, sse, sse2, sse3, ssse3, sse4.1, sse4.2, popcnt, avx, aes, clmul, mmxext, 3dnowpref, lzcnt, sse4a, tsc, tscinvbit, tscinv, bmi1

Memory: 4k page, physical 8386084k(1499096k free), swap 8386084k(5880k free)

vm_info: Java HotSpot(TM) 64-Bit Server VM (25.121-b13) for windows-amd64 JRE (1.8.0_121-b13), built on Dec 12 2016 18:21:36 by "java_re" with MS VC++ 10.0 (VS2010)

time: Tue Apr 11 20:46:05 2017
elapsed time: 2 seconds (0d 0h 0m 2s)

